<?xml version="1.0" encoding="UTF-8"?>
<!-- Generated by org.testng.reporters.JUnitXMLReporter -->
<testsuite ignored="0" hostname="DESKTOP-NPOVF55" failures="1" tests="1" name="Test" time="53.047" errors="0" timestamp="2024-10-29T15:38:50 IST">
  <testcase classname="com.comcast.crm.documenttest.CreateDocumentWithPOMWithAnnotation_Assertion" name="createDocument" time="29.081">
    <failure type="java.lang.AssertionError" message="expected [title] but found [Sales document_2767]">
      <![CDATA[java.lang.AssertionError: expected [title] but found [Sales document_2767]
at com.comcast.crm.generic.assertutility.AssertUtility.hardAssertEquals(AssertUtility.java:9)
at com.comcast.crm.documenttest.CreateDocumentWithPOMWithAnnotation_Assertion.createDocument(CreateDocumentWithPOMWithAnnotation_Assertion.java:26)
at java.base/java.util.ArrayList.forEach(ArrayList.java:1596)
... Removed 31 stack frames]]>
    </failure>
  </testcase> <!-- createDocument -->
</testsuite> <!-- Test -->
